0 info it worked if it ends with ok
1 verbose cli [ '/usr/bin/node', '/bin/npm', 'run', 'build' ]
2 info using npm@3.10.10
3 info using node@v6.14.2
4 verbose run-script [ 'prebuild', 'build', 'postbuild' ]
5 info lifecycle hugo-theme-jane@1.2.0~prebuild: hugo-theme-jane@1.2.0
6 silly lifecycle hugo-theme-jane@1.2.0~prebuild: no script for prebuild, continuing
7 info lifecycle hugo-theme-jane@1.2.0~build: hugo-theme-jane@1.2.0
8 verbose lifecycle hugo-theme-jane@1.2.0~build: unsafe-perm in lifecycle true
9 verbose lifecycle hugo-theme-jane@1.2.0~build: PATH: /usr/lib/node_modules/npm/bin/node-gyp-bin:/home/psh35/blog/CuriousDBA/themes/jane/node_modules/.bin:/usr/bin:/usr/lib64/qt-3.3/bin:/usr/local/bin:/bin:/usr/bin:/usr/local/sbin:/usr/sbin:/home/psh35/.local/bin:/home/psh35/bin
10 verbose lifecycle hugo-theme-jane@1.2.0~build: CWD: /home/psh35/blog/CuriousDBA/themes/jane
11 silly lifecycle hugo-theme-jane@1.2.0~build: Args: [ '-c', 'webpack' ]
12 info lifecycle hugo-theme-jane@1.2.0~build: Failed to exec build script
13 verbose stack Error: hugo-theme-jane@1.2.0 build: `webpack`
13 verbose stack spawn ENOENT
13 verbose stack     at ChildProcess.<anonymous> (/usr/lib/node_modules/npm/lib/utils/spawn.js:33:16)
13 verbose stack     at emitTwo (events.js:106:13)
13 verbose stack     at ChildProcess.emit (events.js:191:7)
13 verbose stack     at maybeClose (internal/child_process.js:920:16)
13 verbose stack     at Process.ChildProcess._handle.onexit (internal/child_process.js:230:5)
14 verbose pkgid hugo-theme-jane@1.2.0
15 verbose cwd /home/psh35/blog/CuriousDBA/themes/jane
16 error Linux 3.10.0-862.el7.x86_64
17 error argv "/usr/bin/node" "/bin/npm" "run" "build"
18 error node v6.14.2
19 error npm  v3.10.10
20 error file sh
21 error code ELIFECYCLE
22 error errno ENOENT
23 error syscall spawn
24 error hugo-theme-jane@1.2.0 build: `webpack`
24 error spawn ENOENT
25 error Failed at the hugo-theme-jane@1.2.0 build script 'webpack'.
25 error Make sure you have the latest version of node.js and npm installed.
25 error If you do, this is most likely a problem with the hugo-theme-jane package,
25 error not with npm itself.
25 error Tell the author that this fails on your system:
25 error     webpack
25 error You can get information on how to open an issue for this project with:
25 error     npm bugs hugo-theme-jane
25 error Or if that isn't available, you can get their info via:
25 error     npm owner ls hugo-theme-jane
25 error There is likely additional logging output above.
26 verbose exit [ 1, true ]
